<?xml version="1.0" encoding="UTF-8"?>
<!-- Generated by org.testng.reporters.JUnitReportReporter -->
<testsuite skipped="0" hostname="DESKTOP-JSV3QAN" name="testscripts.Brand" tests="1" failures="0" timestamp="08 May 2020 22:27:17 GMT" time="66.134" errors="0">
  <testcase name="VerifyAddBrand" time="66.134" classname="testscripts.Brand"/>
</testsuite> <!-- testscripts.Brand -->
